0 verbose cli C:\Program Files\nodejs\node.exe C:\Program Files\nodejs\node_modules\npm\bin\npm-cli.js
1 info using npm@11.11.0
2 info using node@v24.14.1
3 silly config load:file:C:\Program Files\nodejs\node_modules\npm\npmrc
4 silly config load:file:C:\Users\ssare\Desktop\UAOS_ALL_AGENTS_FINAL_RUN\universal-arranger-os\.npmrc
5 silly config load:file:C:\Users\ssare\.npmrc
6 silly config load:file:C:\Users\ssare\AppData\Roaming\npm\etc\npmrc
7 verbose title npm install nodemailer@9.0.0
8 verbose argv "install" "nodemailer@9.0.0" "--save" "--cache" ".\\.npm-cache" "--force"
9 verbose logfile logs-max:10 dir:C:\Users\ssare\Desktop\UAOS_ALL_AGENTS_FINAL_RUN\universal-arranger-os\.npm-cache\_logs\2026-06-15T11_29_38_410Z-
10 verbose logfile C:\Users\ssare\Desktop\UAOS_ALL_AGENTS_FINAL_RUN\universal-arranger-os\.npm-cache\_logs\2026-06-15T11_29_38_410Z-debug-0.log
11 warn using --force Recommended protections disabled.
12 silly logfile done cleaning log files
13 silly packumentCache heap:4496293888 maxSize:1124073472 maxEntrySize:562036736
14 verbose shrinkwrap failed to load node_modules/.package-lock.json out of date, updated: node_modules
15 silly idealTree buildDeps
16 silly fetch manifest nodemailer@9.0.0
17 silly packumentCache full:https://registry.npmjs.org/nodemailer cache-miss
18 http cache https://registry.npmjs.org/nodemailer 29ms (cache hit)
19 silly packumentCache full:https://registry.npmjs.org/nodemailer set size:590262 disposed:false
20 silly placeDep ROOT nodemailer@9.0.0 OK for: universal-arranger-os@11.0.0 want: 9.0.0
21 silly reify mark retired [
21 silly reify   'C:\\Users\\ssare\\Desktop\\UAOS_ALL_AGENTS_FINAL_RUN\\universal-arranger-os\\node_modules\\nodemailer'
21 silly reify ]
22 silly reify moves {
22 silly reify   'C:\\Users\\ssare\\Desktop\\UAOS_ALL_AGENTS_FINAL_RUN\\universal-arranger-os\\node_modules\\nodemailer': 'C:\\Users\\ssare\\Desktop\\UAOS_ALL_AGENTS_FINAL_RUN\\universal-arranger-os\\node_modules\\.nodemailer-POy26nyF'
22 silly reify }
23 silly audit bulk request {
23 silly audit   '@electron-internal/extract-zip': [ '1.0.3' ],
23 silly audit   '@electron/get': [ '5.0.0' ],
23 silly audit   '@types/node': [ '24.13.2' ],
23 silly audit   debug: [ '4.4.3' ],
23 silly audit   electron: [ '42.4.0' ],
23 silly audit   'env-paths': [ '3.0.0' ],
23 silly audit   'graceful-fs': [ '4.2.11' ],
23 silly audit   ms: [ '2.1.3' ],
23 silly audit   progress: [ '2.0.3' ],
23 silly audit   semver: [ '7.8.4' ],
23 silly audit   sumchecker: [ '3.0.1' ],
23 silly audit   undici: [ '7.27.2' ],
23 silly audit   'undici-types': [ '7.18.2' ],
23 silly audit   nodemailer: [ '9.0.0' ]
23 silly audit }
24 http cache nodemailer@https://registry.npmjs.org/nodemailer/-/nodemailer-9.0.0.tgz 0ms (cache hit)
25 silly tarball no local data for nodemailer@https://registry.npmjs.org/nodemailer/-/nodemailer-9.0.0.tgz. Extracting by manifest.
26 http fetch POST 200 https://registry.npmjs.org/-/npm/v1/security/advisories/bulk 276ms
27 silly audit report {}
28 http fetch GET 200 https://registry.npmjs.org/nodemailer/-/nodemailer-9.0.0.tgz 338ms (cache miss)
29 silly CHANGE node_modules/nodemailer
30 verbose cwd C:\Users\ssare\Desktop\UAOS_ALL_AGENTS_FINAL_RUN\universal-arranger-os
31 verbose os Windows_NT 10.0.22000
32 verbose node v24.14.1
33 verbose npm  v11.11.0
34 verbose exit 0
35 info ok
