0 verbose cli C:\Program Files\nodejs\node.exe C:\Program Files\nodejs\node_modules\npm\bin\npm-cli.js
1 info using npm@11.11.0
2 info using node@v24.14.1
3 silly config load:file:C:\Program Files\nodejs\node_modules\npm\npmrc
4 silly config load:file:C:\Users\ssare\Desktop\UAOS_ALL_AGENTS_FINAL_RUN\universal-arranger-os\.npmrc
5 silly config load:file:C:\Users\ssare\.npmrc
6 silly config load:file:C:\Users\ssare\AppData\Roaming\npm\etc\npmrc
7 verbose title npm install nodemailer
8 verbose argv "install" "nodemailer" "--save" "--cache" ".\\.npm-cache"
9 verbose logfile logs-max:10 dir:C:\Users\ssare\Desktop\UAOS_ALL_AGENTS_FINAL_RUN\universal-arranger-os\.npm-cache\_logs\2026-06-15T11_29_11_537Z-
10 verbose logfile C:\Users\ssare\Desktop\UAOS_ALL_AGENTS_FINAL_RUN\universal-arranger-os\.npm-cache\_logs\2026-06-15T11_29_11_537Z-debug-0.log
11 silly logfile done cleaning log files
12 silly packumentCache heap:4496293888 maxSize:1124073472 maxEntrySize:562036736
13 silly idealTree buildDeps
14 silly fetch manifest nodemailer@*
15 silly packumentCache full:https://registry.npmjs.org/nodemailer cache-miss
16 http fetch GET 200 https://registry.npmjs.org/nodemailer 146ms (cache miss)
17 silly packumentCache full:https://registry.npmjs.org/nodemailer set size:undefined disposed:false
18 silly placeDep ROOT nodemailer@9.0.0 OK for: universal-arranger-os@11.0.0 want: *
19 silly reify moves {}
20 http fetch GET 200 https://registry.npmjs.org/npm 216ms
21 silly audit bulk request {
21 silly audit   '@electron-internal/extract-zip': [ '1.0.3' ],
21 silly audit   '@electron/get': [ '5.0.0' ],
21 silly audit   '@types/node': [ '24.13.2' ],
21 silly audit   debug: [ '4.4.3' ],
21 silly audit   electron: [ '42.4.0' ],
21 silly audit   'env-paths': [ '3.0.0' ],
21 silly audit   'graceful-fs': [ '4.2.11' ],
21 silly audit   ms: [ '2.1.3' ],
21 silly audit   progress: [ '2.0.3' ],
21 silly audit   semver: [ '7.8.4' ],
21 silly audit   sumchecker: [ '3.0.1' ],
21 silly audit   undici: [ '7.27.2' ],
21 silly audit   'undici-types': [ '7.18.2' ],
21 silly audit   nodemailer: [ '9.0.0' ]
21 silly audit }
22 http cache nodemailer@https://registry.npmjs.org/nodemailer/-/nodemailer-9.0.0.tgz 0ms (cache hit)
23 silly tarball no local data for nodemailer@https://registry.npmjs.org/nodemailer/-/nodemailer-9.0.0.tgz. Extracting by manifest.
24 warn cleanup Failed to remove some directories [
24 warn cleanup   [
24 warn cleanup     '\\\\?\\C:\\Users\\ssare\\Desktop\\UAOS_ALL_AGENTS_FINAL_RUN\\universal-arranger-os\\node_modules\\nodemailer',
24 warn cleanup     [Error: ENOTEMPTY: directory not empty, rmdir 'C:\Users\ssare\Desktop\UAOS_ALL_AGENTS_FINAL_RUN\universal-arranger-os\node_modules\nodemailer\lib'] {
24 warn cleanup       errno: -4051,
24 warn cleanup       code: 'ENOTEMPTY',
24 warn cleanup       syscall: 'rmdir',
24 warn cleanup       path: 'C:\\Users\\ssare\\Desktop\\UAOS_ALL_AGENTS_FINAL_RUN\\universal-arranger-os\\node_modules\\nodemailer\\lib'
24 warn cleanup     }
24 warn cleanup   ]
24 warn cleanup ]
25 verbose stack Error: EC160000:error:1C800066:Provider routines:ossl_gcm_stream_update:cipher operation failed:openssl\providers\implementations\ciphers\ciphercommon_gcm.c:343:
25 verbose stack
26 error code ERR_SSL_CIPHER_OPERATION_FAILED
27 error EC160000:error:1C800066:Provider routines:ossl_gcm_stream_update:cipher operation failed:openssl\providers\implementations\ciphers\ciphercommon_gcm.c:343:
27 error
28 silly unfinished npm timer reify 1781522952088
29 silly unfinished npm timer reify:audit 1781522952303
30 silly unfinished npm timer auditReport:getReport 1781522952303
31 silly unfinished npm timer reify:unpack 1781522952306
32 silly unfinished npm timer reifyNode:node_modules/nodemailer 1781522952306
33 verbose cwd C:\Users\ssare\Desktop\UAOS_ALL_AGENTS_FINAL_RUN\universal-arranger-os
34 verbose os Windows_NT 10.0.22000
35 verbose node v24.14.1
36 verbose npm  v11.11.0
37 notice
37 notice New minor version of npm available! 11.11.0 -> 11.17.0
37 notice Changelog: https://github.com/npm/cli/releases/tag/v11.17.0
37 notice To update run: npm install -g npm@11.17.0
37 notice  { force: true, Symbol(proc-log.meta): true }
38 verbose exit 1
39 verbose code 1
40 error A complete log of this run can be found in: C:\Users\ssare\Desktop\UAOS_ALL_AGENTS_FINAL_RUN\universal-arranger-os\.npm-cache\_logs\2026-06-15T11_29_11_537Z-debug-0.log
